<?xml version="1.0" encoding="UTF-8"?>
<testsuite xmlns:xsi="http://www.w3.org/2001/XMLSchema-instance" xsi:noNamespaceSchemaLocation="https://maven.apache.org/surefire/maven-surefire-plugin/xsd/surefire-test-report.xsd" version="3.0.2" name="Validating Place API&apos;s" time="13.217" tests="2" errors="0" skipped="0" failures="0">
  <properties>
    <property name="java.specification.version" value="21"/>
    <property name="sun.cpu.isalist" value="amd64"/>
    <property name="sun.jnu.encoding" value="Cp1252"/>
    <property name="java.class.path" value="D:\Git Projects\Framework_API_RSA_Cucumber_Rest_Assured\target\test-classes;D:\Git Projects\Framework_API_RSA_Cucumber_Rest_Assured\target\classes;C:\Users\malat\.m2\repository\io\cucumber\cucumber-java\7.20.1\cucumber-java-7.20.1.jar;C:\Users\malat\.m2\repository\org\apiguardian\apiguardian-api\1.1.2\apiguardian-api-1.1.2.jar;C:\Users\malat\.m2\repository\io\rest-assured\rest-assured\5.5.1\rest-assured-5.5.1.jar;C:\Users\malat\.m2\repository\org\apache\groovy\groovy\4.0.22\groovy-4.0.22.jar;C:\Users\malat\.m2\repository\org\apache\groovy\groovy-xml\4.0.22\groovy-xml-4.0.22.jar;C:\Users\malat\.m2\repository\org\apache\httpcomponents\httpclient\4.5.13\httpclient-4.5.13.jar;C:\Users\malat\.m2\repository\org\apache\httpcomponents\httpcore\4.4.13\httpcore-4.4.13.jar;C:\Users\malat\.m2\repository\commons-logging\commons-logging\1.2\commons-logging-1.2.jar;C:\Users\malat\.m2\repository\org\apache\httpcomponents\httpmime\4.5.13\httpmime-4.5.13.jar;C:\Users\malat\.m2\repository\org\hamcrest\hamcrest\2.2\hamcrest-2.2.jar;C:\Users\malat\.m2\repository\org\ccil\cowan\tagsoup\tagsoup\1.2.1\tagsoup-1.2.1.jar;C:\Users\malat\.m2\repository\io\rest-assured\json-path\5.5.1\json-path-5.5.1.jar;C:\Users\malat\.m2\repository\io\rest-assured\rest-assured-common\5.5.1\rest-assured-common-5.5.1.jar;C:\Users\malat\.m2\repository\io\rest-assured\xml-path\5.5.1\xml-path-5.5.1.jar;C:\Users\malat\.m2\repository\io\cucumber\cucumber-junit\7.20.1\cucumber-junit-7.20.1.jar;C:\Users\malat\.m2\repository\junit\junit\4.13.2\junit-4.13.2.jar;C:\Users\malat\.m2\repository\org\hamcrest\hamcrest-core\1.3\hamcrest-core-1.3.jar;C:\Users\malat\.m2\repository\com\fasterxml\jackson\core\jackson-databind\2.18.3\jackson-databind-2.18.3.jar;C:\Users\malat\.m2\repository\com\fasterxml\jackson\core\jackson-annotations\2.18.3\jackson-annotations-2.18.3.jar;C:\Users\malat\.m2\repository\com\fasterxml\jackson\core\jackson-core\2.18.3\jackson-core-2.18.3.jar;C:\Users\malat\.m2\repository\org\apache\groovy\groovy-ant\4.0.26\groovy-ant-4.0.26.jar;C:\Users\malat\.m2\repository\org\apache\ant\ant\1.10.15\ant-1.10.15.jar;C:\Users\malat\.m2\repository\org\apache\ant\ant-junit\1.10.15\ant-junit-1.10.15.jar;C:\Users\malat\.m2\repository\org\apache\ant\ant-launcher\1.10.15\ant-launcher-1.10.15.jar;C:\Users\malat\.m2\repository\org\apache\ant\ant-antlr\1.10.15\ant-antlr-1.10.15.jar;C:\Users\malat\.m2\repository\org\apache\groovy\groovy-cli-picocli\4.0.26\groovy-cli-picocli-4.0.26.jar;C:\Users\malat\.m2\repository\info\picocli\picocli\4.7.6\picocli-4.7.6.jar;C:\Users\malat\.m2\repository\org\apache\groovy\groovy-console\4.0.26\groovy-console-4.0.26.jar;C:\Users\malat\.m2\repository\com\github\javaparser\javaparser-core\3.26.3\javaparser-core-3.26.3.jar;C:\Users\malat\.m2\repository\org\ow2\asm\asm-util\9.7.1\asm-util-9.7.1.jar;C:\Users\malat\.m2\repository\org\ow2\asm\asm\9.7.1\asm-9.7.1.jar;C:\Users\malat\.m2\repository\org\ow2\asm\asm-tree\9.7.1\asm-tree-9.7.1.jar;C:\Users\malat\.m2\repository\org\ow2\asm\asm-analysis\9.7.1\asm-analysis-9.7.1.jar;C:\Users\malat\.m2\repository\org\apache\ivy\ivy\2.5.3\ivy-2.5.3.jar;C:\Users\malat\.m2\repository\org\abego\treelayout\org.abego.treelayout.core\1.0.3\org.abego.treelayout.core-1.0.3.jar;C:\Users\malat\.m2\repository\org\apache\groovy\groovy-datetime\4.0.26\groovy-datetime-4.0.26.jar;C:\Users\malat\.m2\repository\org\apache\groovy\groovy-docgenerator\4.0.26\groovy-docgenerator-4.0.26.jar;C:\Users\malat\.m2\repository\com\thoughtworks\qdox\qdox\1.12.1\qdox-1.12.1.jar;C:\Users\malat\.m2\repository\org\apache\groovy\groovy-groovydoc\4.0.26\groovy-groovydoc-4.0.26.jar;C:\Users\malat\.m2\repository\org\apache\groovy\groovy-groovysh\4.0.26\groovy-groovysh-4.0.26.jar;C:\Users\malat\.m2\repository\jline\jline\2.14.6\jline-2.14.6.jar;C:\Users\malat\.m2\repository\org\apache\groovy\groovy-jmx\4.0.26\groovy-jmx-4.0.26.jar;C:\Users\malat\.m2\repository\org\apache\groovy\groovy-json\4.0.26\groovy-json-4.0.26.jar;C:\Users\malat\.m2\repository\org\apache\groovy\groovy-jsr223\4.0.26\groovy-jsr223-4.0.26.jar;C:\Users\malat\.m2\repository\org\apache\groovy\groovy-macro\4.0.26\groovy-macro-4.0.26.jar;C:\Users\malat\.m2\repository\org\apache\groovy\groovy-nio\4.0.26\groovy-nio-4.0.26.jar;C:\Users\malat\.m2\repository\org\apache\groovy\groovy-servlet\4.0.26\groovy-servlet-4.0.26.jar;C:\Users\malat\.m2\repository\org\apache\groovy\groovy-sql\4.0.26\groovy-sql-4.0.26.jar;C:\Users\malat\.m2\repository\org\apache\groovy\groovy-swing\4.0.26\groovy-swing-4.0.26.jar;C:\Users\malat\.m2\repository\org\apache\groovy\groovy-templates\4.0.26\groovy-templates-4.0.26.jar;C:\Users\malat\.m2\repository\org\apache\groovy\groovy-test\4.0.26\groovy-test-4.0.26.jar;C:\Users\malat\.m2\repository\org\apache\groovy\groovy-test-junit5\4.0.26\groovy-test-junit5-4.0.26.jar;C:\Users\malat\.m2\repository\org\junit\platform\junit-platform-launcher\1.12.0\junit-platform-launcher-1.12.0.jar;C:\Users\malat\.m2\repository\org\apache\groovy\groovy-yaml\4.0.26\groovy-yaml-4.0.26.jar;C:\Users\malat\.m2\repository\com\fasterxml\jackson\dataformat\jackson-dataformat-yaml\2.18.2\jackson-dataformat-yaml-2.18.2.jar;C:\Users\malat\.m2\repository\org\yaml\snakeyaml\2.3\snakeyaml-2.3.jar;C:\Users\malat\.m2\repository\io\cucumber\gherkin\28.0.0\gherkin-28.0.0.jar;C:\Users\malat\.m2\repository\io\cucumber\messages\24.1.0\messages-24.1.0.jar;C:\Users\malat\.m2\repository\io\cucumber\cucumber-jvm-deps\1.0.6\cucumber-jvm-deps-1.0.6.jar;C:\Users\malat\.m2\repository\net\masterthought\cucumber-reporting\5.8.1\cucumber-reporting-5.8.1.jar;C:\Users\malat\.m2\repository\com\fasterxml\jackson\datatype\jackson-datatype-jsr310\2.17.0\jackson-datatype-jsr310-2.17.0.jar;C:\Users\malat\.m2\repository\org\apache\velocity\velocity-engine-core\2.3\velocity-engine-core-2.3.jar;C:\Users\malat\.m2\repository\joda-time\joda-time\2.12.7\joda-time-2.12.7.jar;C:\Users\malat\.m2\repository\org\apache\commons\commons-configuration2\2.10.1\commons-configuration2-2.10.1.jar;C:\Users\malat\.m2\repository\org\apache\commons\commons-lang3\3.14.0\commons-lang3-3.14.0.jar;C:\Users\malat\.m2\repository\org\apache\commons\commons-text\1.11.0\commons-text-1.11.0.jar;C:\Users\malat\.m2\repository\org\jsoup\jsoup\1.17.2\jsoup-1.17.2.jar;C:\Users\malat\.m2\repository\com\googlecode\owasp-java-html-sanitizer\owasp-java-html-sanitizer\20220608.1\owasp-java-html-sanitizer-20220608.1.jar;C:\Users\malat\.m2\repository\org\slf4j\jcl-over-slf4j\2.0.13\jcl-over-slf4j-2.0.13.jar;C:\Users\malat\.m2\repository\io\qameta\allure\allure-cucumber6-jvm\2.29.1\allure-cucumber6-jvm-2.29.1.jar;C:\Users\malat\.m2\repository\io\qameta\allure\allure-java-commons\2.29.1\allure-java-commons-2.29.1.jar;C:\Users\malat\.m2\repository\io\qameta\allure\allure-model\2.29.1\allure-model-2.29.1.jar;C:\Users\malat\.m2\repository\io\cucumber\cucumber-core\7.20.1\cucumber-core-7.20.1.jar;C:\Users\malat\.m2\repository\io\cucumber\cucumber-gherkin\7.20.1\cucumber-gherkin-7.20.1.jar;C:\Users\malat\.m2\repository\io\cucumber\cucumber-gherkin-messages\7.20.1\cucumber-gherkin-messages-7.20.1.jar;C:\Users\malat\.m2\repository\io\cucumber\testng-xml-formatter\0.2.0\testng-xml-formatter-0.2.0.jar;C:\Users\malat\.m2\repository\io\cucumber\query\12.2.0\query-12.2.0.jar;C:\Users\malat\.m2\repository\io\cucumber\tag-expressions\6.1.0\tag-expressions-6.1.0.jar;C:\Users\malat\.m2\repository\io\cucumber\cucumber-expressions\17.1.0\cucumber-expressions-17.1.0.jar;C:\Users\malat\.m2\repository\io\cucumber\datatable\7.20.1\datatable-7.20.1.jar;C:\Users\malat\.m2\repository\io\cucumber\cucumber-plugin\7.20.1\cucumber-plugin-7.20.1.jar;C:\Users\malat\.m2\repository\io\cucumber\docstring\7.20.1\docstring-7.20.1.jar;C:\Users\malat\.m2\repository\io\cucumber\html-formatter\21.7.0\html-formatter-21.7.0.jar;C:\Users\malat\.m2\repository\io\cucumber\junit-xml-formatter\0.5.0\junit-xml-formatter-0.5.0.jar;C:\Users\malat\.m2\repository\io\cucumber\ci-environment\10.0.1\ci-environment-10.0.1.jar;C:\Users\malat\.m2\repository\io\cucumber\cucumber-html\0.2.7\cucumber-html-0.2.7.jar;C:\Users\malat\.m2\repository\org\codehaus\plexus\plexus-utils\3.0.1\plexus-utils-3.0.1.jar;C:\Users\malat\.m2\repository\org\apache\maven\maven-plugin-api\2.0\maven-plugin-api-2.0.jar;C:\Users\malat\.m2\repository\org\apache\maven\reporting\maven-reporting-api\2.0.8\maven-reporting-api-2.0.8.jar;C:\Users\malat\.m2\repository\org\apache\maven\doxia\doxia-sink-api\1.0-alpha-9\doxia-sink-api-1.0-alpha-9.jar;C:\Users\malat\.m2\repository\org\apache\maven\reporting\maven-reporting-impl\2.0.4.3\maven-reporting-impl-2.0.4.3.jar;C:\Users\malat\.m2\repository\org\apache\maven\maven-project\2.0.4\maven-project-2.0.4.jar;C:\Users\malat\.m2\repository\org\apache\maven\maven-settings\2.0.4\maven-settings-2.0.4.jar;C:\Users\malat\.m2\repository\org\apache\maven\maven-profile\2.0.4\maven-profile-2.0.4.jar;C:\Users\malat\.m2\repository\org\apache\maven\maven-model\2.0.4\maven-model-2.0.4.jar;C:\Users\malat\.m2\repository\org\apache\maven\maven-artifact-manager\2.0.4\maven-artifact-manager-2.0.4.jar;C:\Users\malat\.m2\repository\org\apache\maven\maven-repository-metadata\2.0.4\maven-repository-metadata-2.0.4.jar;C:\Users\malat\.m2\repository\org\apache\maven\wagon\wagon-provider-api\1.0-alpha-6\wagon-provider-api-1.0-alpha-6.jar;C:\Users\malat\.m2\repository\org\apache\maven\maven-artifact\2.0.4\maven-artifact-2.0.4.jar;C:\Users\malat\.m2\repository\org\codehaus\plexus\plexus-container-default\1.0-alpha-9\plexus-container-default-1.0-alpha-9.jar;C:\Users\malat\.m2\repository\classworlds\classworlds\1.1-alpha-2\classworlds-1.1-alpha-2.jar;C:\Users\malat\.m2\repository\org\apache\maven\doxia\doxia-core\1.0\doxia-core-1.0.jar;C:\Users\malat\.m2\repository\org\apache\maven\doxia\doxia-site-renderer\1.0\doxia-site-renderer-1.0.jar;C:\Users\malat\.m2\repository\org\codehaus\plexus\plexus-i18n\1.0-beta-7\plexus-i18n-1.0-beta-7.jar;C:\Users\malat\.m2\repository\org\codehaus\plexus\plexus-velocity\1.1.7\plexus-velocity-1.1.7.jar;C:\Users\malat\.m2\repository\org\apache\velocity\velocity\1.5\velocity-1.5.jar;C:\Users\malat\.m2\repository\commons-lang\commons-lang\2.1\commons-lang-2.1.jar;C:\Users\malat\.m2\repository\org\apache\maven\doxia\doxia-decoration-model\1.0\doxia-decoration-model-1.0.jar;C:\Users\malat\.m2\repository\commons-collections\commons-collections\3.2\commons-collections-3.2.jar;C:\Users\malat\.m2\repository\org\apache\maven\doxia\doxia-module-apt\1.0\doxia-module-apt-1.0.jar;C:\Users\malat\.m2\repository\org\apache\maven\doxia\doxia-module-fml\1.0\doxia-module-fml-1.0.jar;C:\Users\malat\.m2\repository\org\apache\maven\doxia\doxia-module-xdoc\1.0\doxia-module-xdoc-1.0.jar;C:\Users\malat\.m2\repository\org\apache\maven\doxia\doxia-module-xhtml\1.0\doxia-module-xhtml-1.0.jar;C:\Users\malat\.m2\repository\commons-validator\commons-validator\1.2.0\commons-validator-1.2.0.jar;C:\Users\malat\.m2\repository\commons-beanutils\commons-beanutils\1.7.0\commons-beanutils-1.7.0.jar;C:\Users\malat\.m2\repository\commons-digester\commons-digester\1.6\commons-digester-1.6.jar;C:\Users\malat\.m2\repository\oro\oro\2.0.8\oro-2.0.8.jar;C:\Users\malat\.m2\repository\xml-apis\xml-apis\1.0.b2\xml-apis-1.0.b2.jar;C:\Users\malat\.m2\repository\org\apache\maven\shared\maven-doxia-tools\1.0.2\maven-doxia-tools-1.0.2.jar;C:\Users\malat\.m2\repository\org\apache\poi\poi\5.2.5\poi-5.2.5.jar;C:\Users\malat\.m2\repository\commons-codec\commons-codec\1.16.0\commons-codec-1.16.0.jar;C:\Users\malat\.m2\repository\org\apache\commons\commons-collections4\4.4\commons-collections4-4.4.jar;C:\Users\malat\.m2\repository\org\apache\commons\commons-math3\3.6.1\commons-math3-3.6.1.jar;C:\Users\malat\.m2\repository\com\zaxxer\SparseBitSet\1.3\SparseBitSet-1.3.jar;C:\Users\malat\.m2\repository\org\apache\poi\poi-ooxml\5.2.5\poi-ooxml-5.2.5.jar;C:\Users\malat\.m2\repository\org\apache\poi\poi-ooxml-lite\5.2.5\poi-ooxml-lite-5.2.5.jar;C:\Users\malat\.m2\repository\org\apache\xmlbeans\xmlbeans\5.2.0\xmlbeans-5.2.0.jar;C:\Users\malat\.m2\repository\org\apache\commons\commons-compress\1.25.0\commons-compress-1.25.0.jar;C:\Users\malat\.m2\repository\com\github\virtuald\curvesapi\1.08\curvesapi-1.08.jar;C:\Users\malat\.m2\repository\com\google\guava\guava\31.1-jre\guava-31.1-jre.jar;C:\Users\malat\.m2\repository\com\google\guava\failureaccess\1.0.1\failureaccess-1.0.1.jar;C:\Users\malat\.m2\repository\com\google\guava\listenablefuture\9999.0-empty-to-avoid-conflict-with-guava\listenablefuture-9999.0-empty-to-avoid-conflict-with-guava.jar;C:\Users\malat\.m2\repository\com\google\code\findbugs\jsr305\3.0.2\jsr305-3.0.2.jar;C:\Users\malat\.m2\repository\org\checkerframework\checker-qual\3.12.0\checker-qual-3.12.0.jar;C:\Users\malat\.m2\repository\com\google\errorprone\error_prone_annotations\2.11.0\error_prone_annotations-2.11.0.jar;C:\Users\malat\.m2\repository\com\google\j2objc\j2objc-annotations\1.3\j2objc-annotations-1.3.jar;C:\Users\malat\.m2\repository\org\apache\logging\log4j\log4j-core\2.24.3\log4j-core-2.24.3.jar;C:\Users\malat\.m2\repository\org\apache\logging\log4j\log4j-api\2.24.3\log4j-api-2.24.3.jar;C:\Users\malat\.m2\repository\org\apache\poi\poi-ooxml-schemas\4.1.2\poi-ooxml-schemas-4.1.2.jar;C:\Users\malat\.m2\repository\ch\qos\logback\logback-core\1.5.7\logback-core-1.5.7.jar;C:\Users\malat\.m2\repository\org\slf4j\slf4j-api\2.0.17\slf4j-api-2.0.17.jar;C:\Users\malat\.m2\repository\ch\qos\logback\logback-classic\1.5.17\logback-classic-1.5.17.jar;C:\Users\malat\.m2\repository\commons-io\commons-io\2.16.1\commons-io-2.16.1.jar;C:\Users\malat\.m2\repository\org\junit\jupiter\junit-jupiter-api\5.12.0\junit-jupiter-api-5.12.0.jar;C:\Users\malat\.m2\repository\org\opentest4j\opentest4j\1.3.0\opentest4j-1.3.0.jar;C:\Users\malat\.m2\repository\org\junit\platform\junit-platform-commons\1.12.0\junit-platform-commons-1.12.0.jar;C:\Users\malat\.m2\repository\org\junit\jupiter\junit-jupiter-engine\5.12.0\junit-jupiter-engine-5.12.0.jar;C:\Users\malat\.m2\repository\org\junit\platform\junit-platform-engine\1.12.0\junit-platform-engine-1.12.0.jar;"/>
    <property name="java.vm.vendor" value="Oracle Corporation"/>
    <property name="sun.arch.data.model" value="64"/>
    <property name="user.variant" value=""/>
    <property name="java.vendor.url" value="https://java.oracle.com/"/>
    <property name="user.timezone" value="Asia/Calcutta"/>
    <property name="os.name" value="Windows 11"/>
    <property name="java.vm.specification.version" value="21"/>
    <property name="sun.java.launcher" value="SUN_STANDARD"/>
    <property name="user.country" value="IN"/>
    <property name="sun.boot.library.path" value="C:\Program Files\Java\jdk-21\bin"/>
    <property name="sun.java.command" value="C:\Users\malat\AppData\Local\Temp\surefire2447601353600086359\surefirebooter-20250314102217182_3.jar C:\Users\malat\AppData\Local\Temp\surefire2447601353600086359 2025-03-14T10-22-16_896-jvmRun1 surefire-20250314102217182_1tmp surefire_0-20250314102217182_2tmp"/>
    <property name="jdk.debug" value="release"/>
    <property name="surefire.test.class.path" value="D:\Git Projects\Framework_API_RSA_Cucumber_Rest_Assured\target\test-classes;D:\Git Projects\Framework_API_RSA_Cucumber_Rest_Assured\target\classes;C:\Users\malat\.m2\repository\io\cucumber\cucumber-java\7.20.1\cucumber-java-7.20.1.jar;C:\Users\malat\.m2\repository\org\apiguardian\apiguardian-api\1.1.2\apiguardian-api-1.1.2.jar;C:\Users\malat\.m2\repository\io\rest-assured\rest-assured\5.5.1\rest-assured-5.5.1.jar;C:\Users\malat\.m2\repository\org\apache\groovy\groovy\4.0.22\groovy-4.0.22.jar;C:\Users\malat\.m2\repository\org\apache\groovy\groovy-xml\4.0.22\groovy-xml-4.0.22.jar;C:\Users\malat\.m2\repository\org\apache\httpcomponents\httpclient\4.5.13\httpclient-4.5.13.jar;C:\Users\malat\.m2\repository\org\apache\httpcomponents\httpcore\4.4.13\httpcore-4.4.13.jar;C:\Users\malat\.m2\repository\commons-logging\commons-logging\1.2\commons-logging-1.2.jar;C:\Users\malat\.m2\repository\org\apache\httpcomponents\httpmime\4.5.13\httpmime-4.5.13.jar;C:\Users\malat\.m2\repository\org\hamcrest\hamcrest\2.2\hamcrest-2.2.jar;C:\Users\malat\.m2\repository\org\ccil\cowan\tagsoup\tagsoup\1.2.1\tagsoup-1.2.1.jar;C:\Users\malat\.m2\repository\io\rest-assured\json-path\5.5.1\json-path-5.5.1.jar;C:\Users\malat\.m2\repository\io\rest-assured\rest-assured-common\5.5.1\rest-assured-common-5.5.1.jar;C:\Users\malat\.m2\repository\io\rest-assured\xml-path\5.5.1\xml-path-5.5.1.jar;C:\Users\malat\.m2\repository\io\cucumber\cucumber-junit\7.20.1\cucumber-junit-7.20.1.jar;C:\Users\malat\.m2\repository\junit\junit\4.13.2\junit-4.13.2.jar;C:\Users\malat\.m2\repository\org\hamcrest\hamcrest-core\1.3\hamcrest-core-1.3.jar;C:\Users\malat\.m2\repository\com\fasterxml\jackson\core\jackson-databind\2.18.3\jackson-databind-2.18.3.jar;C:\Users\malat\.m2\repository\com\fasterxml\jackson\core\jackson-annotations\2.18.3\jackson-annotations-2.18.3.jar;C:\Users\malat\.m2\repository\com\fasterxml\jackson\core\jackson-core\2.18.3\jackson-core-2.18.3.jar;C:\Users\malat\.m2\repository\org\apache\groovy\groovy-ant\4.0.26\groovy-ant-4.0.26.jar;C:\Users\malat\.m2\repository\org\apache\ant\ant\1.10.15\ant-1.10.15.jar;C:\Users\malat\.m2\repository\org\apache\ant\ant-junit\1.10.15\ant-junit-1.10.15.jar;C:\Users\malat\.m2\repository\org\apache\ant\ant-launcher\1.10.15\ant-launcher-1.10.15.jar;C:\Users\malat\.m2\repository\org\apache\ant\ant-antlr\1.10.15\ant-antlr-1.10.15.jar;C:\Users\malat\.m2\repository\org\apache\groovy\groovy-cli-picocli\4.0.26\groovy-cli-picocli-4.0.26.jar;C:\Users\malat\.m2\repository\info\picocli\picocli\4.7.6\picocli-4.7.6.jar;C:\Users\malat\.m2\repository\org\apache\groovy\groovy-console\4.0.26\groovy-console-4.0.26.jar;C:\Users\malat\.m2\repository\com\github\javaparser\javaparser-core\3.26.3\javaparser-core-3.26.3.jar;C:\Users\malat\.m2\repository\org\ow2\asm\asm-util\9.7.1\asm-util-9.7.1.jar;C:\Users\malat\.m2\repository\org\ow2\asm\asm\9.7.1\asm-9.7.1.jar;C:\Users\malat\.m2\repository\org\ow2\asm\asm-tree\9.7.1\asm-tree-9.7.1.jar;C:\Users\malat\.m2\repository\org\ow2\asm\asm-analysis\9.7.1\asm-analysis-9.7.1.jar;C:\Users\malat\.m2\repository\org\apache\ivy\ivy\2.5.3\ivy-2.5.3.jar;C:\Users\malat\.m2\repository\org\abego\treelayout\org.abego.treelayout.core\1.0.3\org.abego.treelayout.core-1.0.3.jar;C:\Users\malat\.m2\repository\org\apache\groovy\groovy-datetime\4.0.26\groovy-datetime-4.0.26.jar;C:\Users\malat\.m2\repository\org\apache\groovy\groovy-docgenerator\4.0.26\groovy-docgenerator-4.0.26.jar;C:\Users\malat\.m2\repository\com\thoughtworks\qdox\qdox\1.12.1\qdox-1.12.1.jar;C:\Users\malat\.m2\repository\org\apache\groovy\groovy-groovydoc\4.0.26\groovy-groovydoc-4.0.26.jar;C:\Users\malat\.m2\repository\org\apache\groovy\groovy-groovysh\4.0.26\groovy-groovysh-4.0.26.jar;C:\Users\malat\.m2\repository\jline\jline\2.14.6\jline-2.14.6.jar;C:\Users\malat\.m2\repository\org\apache\groovy\groovy-jmx\4.0.26\groovy-jmx-4.0.26.jar;C:\Users\malat\.m2\repository\org\apache\groovy\groovy-json\4.0.26\groovy-json-4.0.26.jar;C:\Users\malat\.m2\repository\org\apache\groovy\groovy-jsr223\4.0.26\groovy-jsr223-4.0.26.jar;C:\Users\malat\.m2\repository\org\apache\groovy\groovy-macro\4.0.26\groovy-macro-4.0.26.jar;C:\Users\malat\.m2\repository\org\apache\groovy\groovy-nio\4.0.26\groovy-nio-4.0.26.jar;C:\Users\malat\.m2\repository\org\apache\groovy\groovy-servlet\4.0.26\groovy-servlet-4.0.26.jar;C:\Users\malat\.m2\repository\org\apache\groovy\groovy-sql\4.0.26\groovy-sql-4.0.26.jar;C:\Users\malat\.m2\repository\org\apache\groovy\groovy-swing\4.0.26\groovy-swing-4.0.26.jar;C:\Users\malat\.m2\repository\org\apache\groovy\groovy-templates\4.0.26\groovy-templates-4.0.26.jar;C:\Users\malat\.m2\repository\org\apache\groovy\groovy-test\4.0.26\groovy-test-4.0.26.jar;C:\Users\malat\.m2\repository\org\apache\groovy\groovy-test-junit5\4.0.26\groovy-test-junit5-4.0.26.jar;C:\Users\malat\.m2\repository\org\junit\platform\junit-platform-launcher\1.12.0\junit-platform-launcher-1.12.0.jar;C:\Users\malat\.m2\repository\org\apache\groovy\groovy-yaml\4.0.26\groovy-yaml-4.0.26.jar;C:\Users\malat\.m2\repository\com\fasterxml\jackson\dataformat\jackson-dataformat-yaml\2.18.2\jackson-dataformat-yaml-2.18.2.jar;C:\Users\malat\.m2\repository\org\yaml\snakeyaml\2.3\snakeyaml-2.3.jar;C:\Users\malat\.m2\repository\io\cucumber\gherkin\28.0.0\gherkin-28.0.0.jar;C:\Users\malat\.m2\repository\io\cucumber\messages\24.1.0\messages-24.1.0.jar;C:\Users\malat\.m2\repository\io\cucumber\cucumber-jvm-deps\1.0.6\cucumber-jvm-deps-1.0.6.jar;C:\Users\malat\.m2\repository\net\masterthought\cucumber-reporting\5.8.1\cucumber-reporting-5.8.1.jar;C:\Users\malat\.m2\repository\com\fasterxml\jackson\datatype\jackson-datatype-jsr310\2.17.0\jackson-datatype-jsr310-2.17.0.jar;C:\Users\malat\.m2\repository\org\apache\velocity\velocity-engine-core\2.3\velocity-engine-core-2.3.jar;C:\Users\malat\.m2\repository\joda-time\joda-time\2.12.7\joda-time-2.12.7.jar;C:\Users\malat\.m2\repository\org\apache\commons\commons-configuration2\2.10.1\commons-configuration2-2.10.1.jar;C:\Users\malat\.m2\repository\org\apache\commons\commons-lang3\3.14.0\commons-lang3-3.14.0.jar;C:\Users\malat\.m2\repository\org\apache\commons\commons-text\1.11.0\commons-text-1.11.0.jar;C:\Users\malat\.m2\repository\org\jsoup\jsoup\1.17.2\jsoup-1.17.2.jar;C:\Users\malat\.m2\repository\com\googlecode\owasp-java-html-sanitizer\owasp-java-html-sanitizer\20220608.1\owasp-java-html-sanitizer-20220608.1.jar;C:\Users\malat\.m2\repository\org\slf4j\jcl-over-slf4j\2.0.13\jcl-over-slf4j-2.0.13.jar;C:\Users\malat\.m2\repository\io\qameta\allure\allure-cucumber6-jvm\2.29.1\allure-cucumber6-jvm-2.29.1.jar;C:\Users\malat\.m2\repository\io\qameta\allure\allure-java-commons\2.29.1\allure-java-commons-2.29.1.jar;C:\Users\malat\.m2\repository\io\qameta\allure\allure-model\2.29.1\allure-model-2.29.1.jar;C:\Users\malat\.m2\repository\io\cucumber\cucumber-core\7.20.1\cucumber-core-7.20.1.jar;C:\Users\malat\.m2\repository\io\cucumber\cucumber-gherkin\7.20.1\cucumber-gherkin-7.20.1.jar;C:\Users\malat\.m2\repository\io\cucumber\cucumber-gherkin-messages\7.20.1\cucumber-gherkin-messages-7.20.1.jar;C:\Users\malat\.m2\repository\io\cucumber\testng-xml-formatter\0.2.0\testng-xml-formatter-0.2.0.jar;C:\Users\malat\.m2\repository\io\cucumber\query\12.2.0\query-12.2.0.jar;C:\Users\malat\.m2\repository\io\cucumber\tag-expressions\6.1.0\tag-expressions-6.1.0.jar;C:\Users\malat\.m2\repository\io\cucumber\cucumber-expressions\17.1.0\cucumber-expressions-17.1.0.jar;C:\Users\malat\.m2\repository\io\cucumber\datatable\7.20.1\datatable-7.20.1.jar;C:\Users\malat\.m2\repository\io\cucumber\cucumber-plugin\7.20.1\cucumber-plugin-7.20.1.jar;C:\Users\malat\.m2\repository\io\cucumber\docstring\7.20.1\docstring-7.20.1.jar;C:\Users\malat\.m2\repository\io\cucumber\html-formatter\21.7.0\html-formatter-21.7.0.jar;C:\Users\malat\.m2\repository\io\cucumber\junit-xml-formatter\0.5.0\junit-xml-formatter-0.5.0.jar;C:\Users\malat\.m2\repository\io\cucumber\ci-environment\10.0.1\ci-environment-10.0.1.jar;C:\Users\malat\.m2\repository\io\cucumber\cucumber-html\0.2.7\cucumber-html-0.2.7.jar;C:\Users\malat\.m2\repository\org\codehaus\plexus\plexus-utils\3.0.1\plexus-utils-3.0.1.jar;C:\Users\malat\.m2\repository\org\apache\maven\maven-plugin-api\2.0\maven-plugin-api-2.0.jar;C:\Users\malat\.m2\repository\org\apache\maven\reporting\maven-reporting-api\2.0.8\maven-reporting-api-2.0.8.jar;C:\Users\malat\.m2\repository\org\apache\maven\doxia\doxia-sink-api\1.0-alpha-9\doxia-sink-api-1.0-alpha-9.jar;C:\Users\malat\.m2\repository\org\apache\maven\reporting\maven-reporting-impl\2.0.4.3\maven-reporting-impl-2.0.4.3.jar;C:\Users\malat\.m2\repository\org\apache\maven\maven-project\2.0.4\maven-project-2.0.4.jar;C:\Users\malat\.m2\repository\org\apache\maven\maven-settings\2.0.4\maven-settings-2.0.4.jar;C:\Users\malat\.m2\repository\org\apache\maven\maven-profile\2.0.4\maven-profile-2.0.4.jar;C:\Users\malat\.m2\repository\org\apache\maven\maven-model\2.0.4\maven-model-2.0.4.jar;C:\Users\malat\.m2\repository\org\apache\maven\maven-artifact-manager\2.0.4\maven-artifact-manager-2.0.4.jar;C:\Users\malat\.m2\repository\org\apache\maven\maven-repository-metadata\2.0.4\maven-repository-metadata-2.0.4.jar;C:\Users\malat\.m2\repository\org\apache\maven\wagon\wagon-provider-api\1.0-alpha-6\wagon-provider-api-1.0-alpha-6.jar;C:\Users\malat\.m2\repository\org\apache\maven\maven-artifact\2.0.4\maven-artifact-2.0.4.jar;C:\Users\malat\.m2\repository\org\codehaus\plexus\plexus-container-default\1.0-alpha-9\plexus-container-default-1.0-alpha-9.jar;C:\Users\malat\.m2\repository\classworlds\classworlds\1.1-alpha-2\classworlds-1.1-alpha-2.jar;C:\Users\malat\.m2\repository\org\apache\maven\doxia\doxia-core\1.0\doxia-core-1.0.jar;C:\Users\malat\.m2\repository\org\apache\maven\doxia\doxia-site-renderer\1.0\doxia-site-renderer-1.0.jar;C:\Users\malat\.m2\repository\org\codehaus\plexus\plexus-i18n\1.0-beta-7\plexus-i18n-1.0-beta-7.jar;C:\Users\malat\.m2\repository\org\codehaus\plexus\plexus-velocity\1.1.7\plexus-velocity-1.1.7.jar;C:\Users\malat\.m2\repository\org\apache\velocity\velocity\1.5\velocity-1.5.jar;C:\Users\malat\.m2\repository\commons-lang\commons-lang\2.1\commons-lang-2.1.jar;C:\Users\malat\.m2\repository\org\apache\maven\doxia\doxia-decoration-model\1.0\doxia-decoration-model-1.0.jar;C:\Users\malat\.m2\repository\commons-collections\commons-collections\3.2\commons-collections-3.2.jar;C:\Users\malat\.m2\repository\org\apache\maven\doxia\doxia-module-apt\1.0\doxia-module-apt-1.0.jar;C:\Users\malat\.m2\repository\org\apache\maven\doxia\doxia-module-fml\1.0\doxia-module-fml-1.0.jar;C:\Users\malat\.m2\repository\org\apache\maven\doxia\doxia-module-xdoc\1.0\doxia-module-xdoc-1.0.jar;C:\Users\malat\.m2\repository\org\apache\maven\doxia\doxia-module-xhtml\1.0\doxia-module-xhtml-1.0.jar;C:\Users\malat\.m2\repository\commons-validator\commons-validator\1.2.0\commons-validator-1.2.0.jar;C:\Users\malat\.m2\repository\commons-beanutils\commons-beanutils\1.7.0\commons-beanutils-1.7.0.jar;C:\Users\malat\.m2\repository\commons-digester\commons-digester\1.6\commons-digester-1.6.jar;C:\Users\malat\.m2\repository\oro\oro\2.0.8\oro-2.0.8.jar;C:\Users\malat\.m2\repository\xml-apis\xml-apis\1.0.b2\xml-apis-1.0.b2.jar;C:\Users\malat\.m2\repository\org\apache\maven\shared\maven-doxia-tools\1.0.2\maven-doxia-tools-1.0.2.jar;C:\Users\malat\.m2\repository\org\apache\poi\poi\5.2.5\poi-5.2.5.jar;C:\Users\malat\.m2\repository\commons-codec\commons-codec\1.16.0\commons-codec-1.16.0.jar;C:\Users\malat\.m2\repository\org\apache\commons\commons-collections4\4.4\commons-collections4-4.4.jar;C:\Users\malat\.m2\repository\org\apache\commons\commons-math3\3.6.1\commons-math3-3.6.1.jar;C:\Users\malat\.m2\repository\com\zaxxer\SparseBitSet\1.3\SparseBitSet-1.3.jar;C:\Users\malat\.m2\repository\org\apache\poi\poi-ooxml\5.2.5\poi-ooxml-5.2.5.jar;C:\Users\malat\.m2\repository\org\apache\poi\poi-ooxml-lite\5.2.5\poi-ooxml-lite-5.2.5.jar;C:\Users\malat\.m2\repository\org\apache\xmlbeans\xmlbeans\5.2.0\xmlbeans-5.2.0.jar;C:\Users\malat\.m2\repository\org\apache\commons\commons-compress\1.25.0\commons-compress-1.25.0.jar;C:\Users\malat\.m2\repository\com\github\virtuald\curvesapi\1.08\curvesapi-1.08.jar;C:\Users\malat\.m2\repository\com\google\guava\guava\31.1-jre\guava-31.1-jre.jar;C:\Users\malat\.m2\repository\com\google\guava\failureaccess\1.0.1\failureaccess-1.0.1.jar;C:\Users\malat\.m2\repository\com\google\guava\listenablefuture\9999.0-empty-to-avoid-conflict-with-guava\listenablefuture-9999.0-empty-to-avoid-conflict-with-guava.jar;C:\Users\malat\.m2\repository\com\google\code\findbugs\jsr305\3.0.2\jsr305-3.0.2.jar;C:\Users\malat\.m2\repository\org\checkerframework\checker-qual\3.12.0\checker-qual-3.12.0.jar;C:\Users\malat\.m2\repository\com\google\errorprone\error_prone_annotations\2.11.0\error_prone_annotations-2.11.0.jar;C:\Users\malat\.m2\repository\com\google\j2objc\j2objc-annotations\1.3\j2objc-annotations-1.3.jar;C:\Users\malat\.m2\repository\org\apache\logging\log4j\log4j-core\2.24.3\log4j-core-2.24.3.jar;C:\Users\malat\.m2\repository\org\apache\logging\log4j\log4j-api\2.24.3\log4j-api-2.24.3.jar;C:\Users\malat\.m2\repository\org\apache\poi\poi-ooxml-schemas\4.1.2\poi-ooxml-schemas-4.1.2.jar;C:\Users\malat\.m2\repository\ch\qos\logback\logback-core\1.5.7\logback-core-1.5.7.jar;C:\Users\malat\.m2\repository\org\slf4j\slf4j-api\2.0.17\slf4j-api-2.0.17.jar;C:\Users\malat\.m2\repository\ch\qos\logback\logback-classic\1.5.17\logback-classic-1.5.17.jar;C:\Users\malat\.m2\repository\commons-io\commons-io\2.16.1\commons-io-2.16.1.jar;C:\Users\malat\.m2\repository\org\junit\jupiter\junit-jupiter-api\5.12.0\junit-jupiter-api-5.12.0.jar;C:\Users\malat\.m2\repository\org\opentest4j\opentest4j\1.3.0\opentest4j-1.3.0.jar;C:\Users\malat\.m2\repository\org\junit\platform\junit-platform-commons\1.12.0\junit-platform-commons-1.12.0.jar;C:\Users\malat\.m2\repository\org\junit\jupiter\junit-jupiter-engine\5.12.0\junit-jupiter-engine-5.12.0.jar;C:\Users\malat\.m2\repository\org\junit\platform\junit-platform-engine\1.12.0\junit-platform-engine-1.12.0.jar;"/>
    <property name="sun.cpu.endian" value="little"/>
    <property name="user.home" value="C:\Users\malat"/>
    <property name="user.language" value="en"/>
    <property name="java.specification.vendor" value="Oracle Corporation"/>
    <property name="java.version.date" value="2024-04-16"/>
    <property name="java.home" value="C:\Program Files\Java\jdk-21"/>
    <property name="file.separator" value="\"/>
    <property name="basedir" value="D:\Git Projects\Framework_API_RSA_Cucumber_Rest_Assured"/>
    <property name="java.vm.compressedOopsMode" value="32-bit"/>
    <property name="line.separator" value="&#10;"/>
    <property name="java.vm.specification.vendor" value="Oracle Corporation"/>
    <property name="java.specification.name" value="Java Platform API Specification"/>
    <property name="surefire.real.class.path" value="C:\Users\malat\AppData\Local\Temp\surefire2447601353600086359\surefirebooter-20250314102217182_3.jar"/>
    <property name="user.script" value=""/>
    <property name="sun.management.compiler" value="HotSpot 64-Bit Tiered Compilers"/>
    <property name="java.runtime.version" value="21.0.3+7-LTS-152"/>
    <property name="user.name" value="malathi"/>
    <property name="stdout.encoding" value="Cp1252"/>
    <property name="path.separator" value=";"/>
    <property name="os.version" value="10.0"/>
    <property name="java.runtime.name" value="Java(TM) SE Runtime Environment"/>
    <property name="file.encoding" value="UTF-8"/>
    <property name="java.vm.name" value="Java HotSpot(TM) 64-Bit Server VM"/>
    <property name="localRepository" value="C:\Users\malat\.m2\repository"/>
    <property name="java.vendor.url.bug" value="https://bugreport.java.com/bugreport/"/>
    <property name="java.io.tmpdir" value="C:\Users\malat\AppData\Local\Temp\"/>
    <property name="java.version" value="21.0.3"/>
    <property name="user.dir" value="D:\Git Projects\Framework_API_RSA_Cucumber_Rest_Assured"/>
    <property name="os.arch" value="amd64"/>
    <property name="java.vm.specification.name" value="Java Virtual Machine Specification"/>
    <property name="sun.os.patch.level" value=""/>
    <property name="native.encoding" value="Cp1252"/>
    <property name="java.library.path" value="C:\Program Files\Java\jdk-21\bin;C:\WINDOWS\Sun\Java\bin;C:\WINDOWS\system32;C:\WINDOWS;C:\Python312\Scripts\;C:\Python312\;C:\Program Files\Microsoft MPI\Bin\;C:\Program Files\Java\jdk-21\bin;D:\Program Data\apache-maven-3.8.7-bin\apache-maven-3.8.7\bin;D:\app\malat\product\11.1.0\db_1\bin;C:\Program Files\Common Files\Oracle\Java\javapath;C:\Program Files (x86)\Common Files\Oracle\Java\java8path;C:\Program Files (x86)\Common Files\Oracle\Java\javapath;C:\Windows\system32;C:\Windows;C:\Windows\System32\Wbem;C:\Windows\System32\WindowsPowerShell\v1.0\;C:\Windows\System32\OpenSSH\;C:\Program Files\NVIDIA Corporation\NVIDIA NGX;C:\Program Files (x86)\NVIDIA Corporation\PhysX\Common;C:\Program Files\NVIDIA Corporation\NVIDIA NvDLISR;C:\WINDOWS\system32;C:\WINDOWS;C:\WINDOWS\System32\Wbem;C:\WINDOWS\System32\WindowsPowerShell\v1.0\;C:\WINDOWS\System32\OpenSSH\;C:\Program Files\Maven\apache-maven-3.9.8\bin\bin;C:\Program Files\Microsoft SQL Server\Client SDK\ODBC\110\Tools\Binn\;C:\ProgramData\chocolatey\bin;C:\Program Files\Maven\apache-maven-3.9.8\bin\bin;D:\Program Data\Git\cmd;C:\Program Files\nodejs\;C:\Users\malat\AppData\Local\Programs\Python\Python313\Scripts\;C:\Users\malat\AppData\Local\Programs\Python\Python313\;C:\Program Files\MySQL\MySQL Shell 8.0\bin\;C:\Users\malat\AppData\Local\Microsoft\WindowsApps;C:\Program Files\JetBrains\PyCharm 2024.1.1\bin;;C:\Users\malat\AppData\Local\JetBrains\Toolbox\scripts;;C:\Program Files\JetBrains\IntelliJ IDEA 2024.1.4\bin;;C:\Program Files\JetBrains\IntelliJ IDEA Community Edition 2024.1.4\bin;;C:\Users\malat\AppData\Local\Microsoft\WinGet\Packages\Schniz.fnm_Microsoft.Winget.Source_8wekyb3d8bbwe;C:\Users\malat\AppData\Local\Microsoft\WindowsApps;C:\Users\malat\AppData\Roaming\npm;."/>
    <property name="java.vm.info" value="mixed mode, sharing"/>
    <property name="stderr.encoding" value="Cp1252"/>
    <property name="java.vendor" value="Oracle Corporation"/>
    <property name="java.vm.version" value="21.0.3+7-LTS-152"/>
    <property name="sun.io.unicode.encoding" value="UnicodeLittle"/>
    <property name="java.class.version" value="65.0"/>
  </properties>
  <testcase name="Verify if Place is being Successfully added using AddPlaceAPI" classname="Validating Place API&apos;s" time="9.31">
    <system-out><![CDATA[
@AddPlace @Regression
Scenario Outline: Verify if Place is being Successfully added using AddPlaceAPI          &amp#27;[90m# src/test/java/features/placeValidations.feature:16&amp#27;[0m
10:22:22,419 |-INFO in ch.qos.logback.classic.LoggerContext[default] - This is logback-classic version 1.5.17
10:22:22,419 |-INFO in ch.qos.logback.classic.LoggerContext[default] - This is logback-core version 1.5.7
10:22:22,419 |-WARN in ch.qos.logback.classic.LoggerContext[default] - Versions of logback-core and logback-classic are different!
10:22:22,423 |-INFO in ch.qos.logback.classic.util.ContextInitializer@702b656a - No custom configurators were discovered as a service.
10:22:22,423 |-INFO in ch.qos.logback.classic.util.ContextInitializer@702b656a - Trying to configure with ch.qos.logback.classic.joran.SerializedModelConfigurator
10:22:22,426 |-INFO in ch.qos.logback.classic.util.ContextInitializer@702b656a - Constructed configurator of type class ch.qos.logback.classic.joran.SerializedModelConfigurator
10:22:22,432 |-INFO in ch.qos.logback.classic.LoggerContext[default] - Could NOT find resource [logback-test.scmo]
10:22:22,433 |-INFO in ch.qos.logback.classic.LoggerContext[default] - Could NOT find resource [logback.scmo]
10:22:22,452 |-INFO in ch.qos.logback.classic.util.ContextInitializer@702b656a - ch.qos.logback.classic.joran.SerializedModelConfigurator.configure() call lasted 9 milliseconds. ExecutionStatus=INVOKE_NEXT_IF_ANY
10:22:22,452 |-INFO in ch.qos.logback.classic.util.ContextInitializer@702b656a - Trying to configure with ch.qos.logback.classic.util.DefaultJoranConfigurator
10:22:22,455 |-INFO in ch.qos.logback.classic.util.ContextInitializer@702b656a - Constructed configurator of type class ch.qos.logback.classic.util.DefaultJoranConfigurator
10:22:22,456 |-INFO in ch.qos.logback.classic.LoggerContext[default] - Could NOT find resource [logback-test.xml]
10:22:22,456 |-INFO in ch.qos.logback.classic.LoggerContext[default] - Could NOT find resource [logback.xml]
10:22:22,456 |-INFO in ch.qos.logback.classic.util.ContextInitializer@702b656a - ch.qos.logback.classic.util.DefaultJoranConfigurator.configure() call lasted 1 milliseconds. ExecutionStatus=INVOKE_NEXT_IF_ANY
10:22:22,456 |-INFO in ch.qos.logback.classic.util.ContextInitializer@702b656a - Trying to configure with ch.qos.logback.classic.BasicConfigurator
10:22:22,460 |-INFO in ch.qos.logback.classic.util.ContextInitializer@702b656a - Constructed configurator of type class ch.qos.logback.classic.BasicConfigurator
10:22:22,460 |-INFO in ch.qos.logback.classic.BasicConfigurator@528f5b7f - Setting up default configuration.
10:22:22,502 |-INFO in ch.qos.logback.classic.util.ContextInitializer@702b656a - ch.qos.logback.classic.BasicConfigurator.configure() call lasted 42 milliseconds. ExecutionStatus=NEUTRAL

  &amp#27;[32mGiven &amp#27;[0m&amp#27;[32mAdd Place Payload with &amp#27;[0m&amp#27;[32m&amp#27;[1m"Frontline house"&amp#27;[0m&amp#27;[32m &amp#27;[0m&amp#27;[32m&amp#27;[1m"French-IN"&amp#27;[0m&amp#27;[32m &amp#27;[0m&amp#27;[32m&amp#27;[1m"29, side layout, cohen 09"&amp#27;[0m &amp#27;[90m# stepDefinitions.StepDefinition.add_place_payload_with(java.lang.String,java.lang.String,java.lang.String)&amp#27;[0m
Enum_APIResources: maps/api/place/add/json
10:22:26.015 [main] DEBUG org.apache.http.impl.conn.BasicClientConnectionManager -- Get connection for route {s}->https://rahulshettyacademy.com:443
10:22:26.331 [main] DEBUG org.apache.http.impl.conn.DefaultClientConnectionOperator -- Connecting to rahulshettyacademy.com:443
10:22:26.817 [main] DEBUG org.apache.http.client.protocol.RequestAddCookies -- CookieSpec selected: ignoreCookies
10:22:26.819 [main] DEBUG org.apache.http.client.protocol.RequestAuthCache -- Auth cache not set in the context
10:22:26.819 [main] DEBUG org.apache.http.client.protocol.RequestTargetAuthentication -- Target auth state: UNCHALLENGED
10:22:26.820 [main] DEBUG org.apache.http.client.protocol.RequestProxyAuthentication -- Proxy auth state: UNCHALLENGED
10:22:26.821 [main] DEBUG org.apache.http.impl.client.DefaultHttpClient -- Attempt 1 to execute request
10:22:26.821 [main] DEBUG org.apache.http.impl.conn.DefaultClientConnection -- Sending request: POST /maps/api/place/add/json?key=qaclick123 HTTP/1.1
10:22:26.821 [main] DEBUG org.apache.http.wire --  >> "POST /maps/api/place/add/json?key=qaclick123 HTTP/1.1[\r][\n]"
10:22:26.822 [main] DEBUG org.apache.http.wire --  >> "Accept: */*[\r][\n]"
10:22:26.822 [main] DEBUG org.apache.http.wire --  >> "Content-Type: application/json[\r][\n]"
10:22:26.822 [main] DEBUG org.apache.http.wire --  >> "Content-Length: 242[\r][\n]"
10:22:26.823 [main] DEBUG org.apache.http.wire --  >> "Host: rahulshettyacademy.com[\r][\n]"
10:22:26.823 [main] DEBUG org.apache.http.wire --  >> "Connection: Keep-Alive[\r][\n]"
10:22:26.823 [main] DEBUG org.apache.http.wire --  >> "User-Agent: Apache-HttpClient/4.5.13 (Java/21.0.3)[\r][\n]"
10:22:26.823 [main] DEBUG org.apache.http.wire --  >> "Accept-Encoding: gzip,deflate[\r][\n]"
10:22:26.823 [main] DEBUG org.apache.http.wire --  >> "[\r][\n]"
10:22:26.823 [main] DEBUG org.apache.http.headers -- >> POST /maps/api/place/add/json?key=qaclick123 HTTP/1.1
10:22:26.823 [main] DEBUG org.apache.http.headers -- >> Accept: */*
10:22:26.823 [main] DEBUG org.apache.http.headers -- >> Content-Type: application/json
10:22:26.823 [main] DEBUG org.apache.http.headers -- >> Content-Length: 242
10:22:26.823 [main] DEBUG org.apache.http.headers -- >> Host: rahulshettyacademy.com
10:22:26.824 [main] DEBUG org.apache.http.headers -- >> Connection: Keep-Alive
10:22:26.824 [main] DEBUG org.apache.http.headers -- >> User-Agent: Apache-HttpClient/4.5.13 (Java/21.0.3)
10:22:26.824 [main] DEBUG org.apache.http.headers -- >> Accept-Encoding: gzip,deflate
10:22:26.824 [main] DEBUG org.apache.http.wire --  >> "{"accuracy":50,"location":{"lat":-38.383494,"lng":33.427362},"name":"Frontline house","phone_number":"(+91) 983 893 3937","address":"29, side layout, cohen 09","types":["shoe park","shop"],"website":"http://google.com","language":"French-IN"}"
10:22:26.838 [main] DEBUG org.apache.http.wire --  << "HTTP/1.1 200 OK[\r][\n]"
10:22:26.840 [main] DEBUG org.apache.http.wire --  << "Date: Fri, 14 Mar 2025 04:52:27 GMT[\r][\n]"
10:22:26.840 [main] DEBUG org.apache.http.wire --  << "Server: Apache/2.4.52 (Ubuntu)[\r][\n]"
10:22:26.841 [main] DEBUG org.apache.http.wire --  << "Access-Control-Allow-Origin: *[\r][\n]"
10:22:26.841 [main] DEBUG org.apache.http.wire --  << "Access-Control-Allow-Methods: POST[\r][\n]"
10:22:26.841 [main] DEBUG org.apache.http.wire --  << "Access-Control-Max-Age: 3600[\r][\n]"
10:22:26.841 [main] DEBUG org.apache.http.wire --  << "Access-Control-Allow-Headers: Content-Type, Access-Control-Allow-Headers, Authorization, X-Requested-With[\r][\n]"
10:22:26.841 [main] DEBUG org.apache.http.wire --  << "Content-Length: 194[\r][\n]"
10:22:26.842 [main] DEBUG org.apache.http.wire --  << "Keep-Alive: timeout=5, max=100[\r][\n]"
10:22:26.842 [main] DEBUG org.apache.http.wire --  << "Connection: Keep-Alive[\r][\n]"
10:22:26.842 [main] DEBUG org.apache.http.wire --  << "Content-Type: application/json;charset=UTF-8[\r][\n]"
10:22:26.842 [main] DEBUG org.apache.http.wire --  << "[\r][\n]"
10:22:26.843 [main] DEBUG org.apache.http.impl.conn.DefaultClientConnection -- Receiving response: HTTP/1.1 200 OK
10:22:26.843 [main] DEBUG org.apache.http.headers -- << HTTP/1.1 200 OK
10:22:26.843 [main] DEBUG org.apache.http.headers -- << Date: Fri, 14 Mar 2025 04:52:27 GMT
10:22:26.844 [main] DEBUG org.apache.http.headers -- << Server: Apache/2.4.52 (Ubuntu)
10:22:26.844 [main] DEBUG org.apache.http.headers -- << Access-Control-Allow-Origin: *
10:22:26.844 [main] DEBUG org.apache.http.headers -- << Access-Control-Allow-Methods: POST
10:22:26.844 [main] DEBUG org.apache.http.headers -- << Access-Control-Max-Age: 3600
10:22:26.844 [main] DEBUG org.apache.http.headers -- << Access-Control-Allow-Headers: Content-Type, Access-Control-Allow-Headers, Authorization, X-Requested-With
10:22:26.844 [main] DEBUG org.apache.http.headers -- << Content-Length: 194
10:22:26.844 [main] DEBUG org.apache.http.headers -- << Keep-Alive: timeout=5, max=100
10:22:26.844 [main] DEBUG org.apache.http.headers -- << Connection: Keep-Alive
10:22:26.844 [main] DEBUG org.apache.http.headers -- << Content-Type: application/json;charset=UTF-8
10:22:26.850 [main] DEBUG org.apache.http.impl.client.DefaultHttpClient -- Connection can be kept alive for 5000 MILLISECONDS
10:22:26.861 [main] DEBUG io.restassured.internal.RestAssuredHttpBuilder -- Parsing response as: application/json;charset=UTF-8
10:22:26.861 [main] DEBUG io.restassured.internal.RestAssuredHttpBuilder -- Parsed data to instance of: class org.apache.http.conn.EofSensorInputStream
10:22:26.954 [main] DEBUG org.apache.http.wire --  << "{"status":"OK","place_id":"bf845537fc69d656b71d43374e7ac0e5","scope":"APP","reference":"5dd82796e3b7d19264f23454628dde1f5dd82796e3b7d19264f23454628dde1f","id":"5dd82796e3b7d19264f23454628dde1f"}"
10:22:26.955 [main] DEBUG org.apache.http.impl.conn.BasicClientConnectionManager -- Releasing connection org.apache.http.impl.conn.ManagedClientConnectionImpl@59acb725
10:22:26.955 [main] DEBUG org.apache.http.impl.conn.BasicClientConnectionManager -- Connection can be kept alive for 5000 MILLISECONDS
  &amp#27;[32mWhen &amp#27;[0m&amp#27;[32muser calls &amp#27;[0m&amp#27;[32m&amp#27;[1m"AddPlaceAPI"&amp#27;[0m&amp#27;[32m with &amp#27;[0m&amp#27;[32m&amp#27;[1m"Post"&amp#27;[0m&amp#27;[32m http request&amp#27;[0m                                 &amp#27;[90m# stepDefinitions.StepDefinition.user_calls_with_http_request(java.lang.String,java.lang.String)&amp#27;[0m
  &amp#27;[32mThen &amp#27;[0m&amp#27;[32mthe API call got success with status code &amp#27;[0m&amp#27;[32m&amp#27;[1m200&amp#27;[0m                                     &amp#27;[90m# stepDefinitions.StepDefinition.the_api_call_got_success_with_status_code(java.lang.Integer)&amp#27;[0m
  &amp#27;[32mAnd &amp#27;[0m&amp#27;[32m&amp#27;[0m&amp#27;[32m&amp#27;[1m"status"&amp#27;[0m&amp#27;[32m in response body is &amp#27;[0m&amp#27;[32m&amp#27;[1m"OK"&amp#27;[0m                                                  &amp#27;[90m# stepDefinitions.StepDefinition.in_response_body_is(java.lang.String,java.lang.String)&amp#27;[0m
  &amp#27;[32mAnd &amp#27;[0m&amp#27;[32m&amp#27;[0m&amp#27;[32m&amp#27;[1m"scope"&amp#27;[0m&amp#27;[32m in response body is &amp#27;[0m&amp#27;[32m&amp#27;[1m"APP"&amp#27;[0m                                                  &amp#27;[90m# stepDefinitions.StepDefinition.in_response_body_is(java.lang.String,java.lang.String)&amp#27;[0m
Enum_APIResources: maps/api/place/get/json
10:22:28.328 [main] DEBUG org.apache.http.impl.conn.BasicClientConnectionManager -- Get connection for route {s}->https://rahulshettyacademy.com:443
10:22:28.328 [main] DEBUG org.apache.http.impl.conn.DefaultClientConnectionOperator -- Connecting to rahulshettyacademy.com:443
10:22:28.353 [main] DEBUG org.apache.http.client.protocol.RequestAddCookies -- CookieSpec selected: ignoreCookies
10:22:28.353 [main] DEBUG org.apache.http.client.protocol.RequestAuthCache -- Auth cache not set in the context
10:22:28.353 [main] DEBUG org.apache.http.client.protocol.RequestTargetAuthentication -- Target auth state: UNCHALLENGED
10:22:28.353 [main] DEBUG org.apache.http.client.protocol.RequestProxyAuthentication -- Proxy auth state: UNCHALLENGED
10:22:28.353 [main] DEBUG org.apache.http.impl.client.DefaultHttpClient -- Attempt 1 to execute request
10:22:28.353 [main] DEBUG org.apache.http.impl.conn.DefaultClientConnection -- Sending request: GET /maps/api/place/get/json?key=qaclick123&place_id=bf845537fc69d656b71d43374e7ac0e5 HTTP/1.1
10:22:28.353 [main] DEBUG org.apache.http.wire --  >> "GET /maps/api/place/get/json?key=qaclick123&place_id=bf845537fc69d656b71d43374e7ac0e5 HTTP/1.1[\r][\n]"
10:22:28.354 [main] DEBUG org.apache.http.wire --  >> "Content-Type: application/json[\r][\n]"
10:22:28.354 [main] DEBUG org.apache.http.wire --  >> "Accept: */*[\r][\n]"
10:22:28.354 [main] DEBUG org.apache.http.wire --  >> "Host: rahulshettyacademy.com[\r][\n]"
10:22:28.354 [main] DEBUG org.apache.http.wire --  >> "Connection: Keep-Alive[\r][\n]"
10:22:28.354 [main] DEBUG org.apache.http.wire --  >> "User-Agent: Apache-HttpClient/4.5.13 (Java/21.0.3)[\r][\n]"
10:22:28.354 [main] DEBUG org.apache.http.wire --  >> "Accept-Encoding: gzip,deflate[\r][\n]"
10:22:28.354 [main] DEBUG org.apache.http.wire --  >> "[\r][\n]"
10:22:28.354 [main] DEBUG org.apache.http.headers -- >> GET /maps/api/place/get/json?key=qaclick123&place_id=bf845537fc69d656b71d43374e7ac0e5 HTTP/1.1
10:22:28.354 [main] DEBUG org.apache.http.headers -- >> Content-Type: application/json
10:22:28.354 [main] DEBUG org.apache.http.headers -- >> Accept: */*
10:22:28.354 [main] DEBUG org.apache.http.headers -- >> Host: rahulshettyacademy.com
10:22:28.354 [main] DEBUG org.apache.http.headers -- >> Connection: Keep-Alive
10:22:28.354 [main] DEBUG org.apache.http.headers -- >> User-Agent: Apache-HttpClient/4.5.13 (Java/21.0.3)
10:22:28.355 [main] DEBUG org.apache.http.headers -- >> Accept-Encoding: gzip,deflate
10:22:30.181 [main] DEBUG org.apache.http.wire --  << "HTTP/1.1 200 OK[\r][\n]"
10:22:30.182 [main] DEBUG org.apache.http.wire --  << "Date: Fri, 14 Mar 2025 04:52:28 GMT[\r][\n]"
10:22:30.182 [main] DEBUG org.apache.http.wire --  << "Server: Apache/2.4.52 (Ubuntu)[\r][\n]"
10:22:30.182 [main] DEBUG org.apache.http.wire --  << "Access-Control-Allow-Origin: *[\r][\n]"
10:22:30.183 [main] DEBUG org.apache.http.wire --  << "Access-Control-Allow-Methods: POST[\r][\n]"
10:22:30.183 [main] DEBUG org.apache.http.wire --  << "Access-Control-Max-Age: 3600[\r][\n]"
10:22:30.183 [main] DEBUG org.apache.http.wire --  << "Access-Control-Allow-Headers: Content-Type, Access-Control-Allow-Headers, Authorization, X-Requested-With[\r][\n]"
10:22:30.184 [main] DEBUG org.apache.http.wire --  << "Content-Length: 257[\r][\n]"
10:22:30.184 [main] DEBUG org.apache.http.wire --  << "Keep-Alive: timeout=5, max=100[\r][\n]"
10:22:30.184 [main] DEBUG org.apache.http.wire --  << "Connection: Keep-Alive[\r][\n]"
10:22:30.184 [main] DEBUG org.apache.http.wire --  << "Content-Type: application/json;charset=UTF-8[\r][\n]"
10:22:30.185 [main] DEBUG org.apache.http.wire --  << "[\r][\n]"
10:22:30.185 [main] DEBUG org.apache.http.impl.conn.DefaultClientConnection -- Receiving response: HTTP/1.1 200 OK
10:22:30.185 [main] DEBUG org.apache.http.headers -- << HTTP/1.1 200 OK
10:22:30.186 [main] DEBUG org.apache.http.headers -- << Date: Fri, 14 Mar 2025 04:52:28 GMT
10:22:30.186 [main] DEBUG org.apache.http.headers -- << Server: Apache/2.4.52 (Ubuntu)
10:22:30.186 [main] DEBUG org.apache.http.headers -- << Access-Control-Allow-Origin: *
10:22:30.186 [main] DEBUG org.apache.http.headers -- << Access-Control-Allow-Methods: POST
10:22:30.187 [main] DEBUG org.apache.http.headers -- << Access-Control-Max-Age: 3600
10:22:30.187 [main] DEBUG org.apache.http.headers -- << Access-Control-Allow-Headers: Content-Type, Access-Control-Allow-Headers, Authorization, X-Requested-With
10:22:30.188 [main] DEBUG org.apache.http.headers -- << Content-Length: 257
10:22:30.188 [main] DEBUG org.apache.http.headers -- << Keep-Alive: timeout=5, max=100
10:22:30.189 [main] DEBUG org.apache.http.headers -- << Connection: Keep-Alive
10:22:30.189 [main] DEBUG org.apache.http.headers -- << Content-Type: application/json;charset=UTF-8
10:22:30.190 [main] DEBUG org.apache.http.impl.client.DefaultHttpClient -- Connection can be kept alive for 5000 MILLISECONDS
10:22:30.192 [main] DEBUG io.restassured.internal.RestAssuredHttpBuilder -- Parsing response as: application/json;charset=UTF-8
10:22:30.193 [main] DEBUG io.restassured.internal.RestAssuredHttpBuilder -- Parsed data to instance of: class org.apache.http.conn.EofSensorInputStream
10:22:30.197 [main] DEBUG org.apache.http.wire --  << "{"location":{"latitude":"-38.383494","longitude":"33.427362"},"accuracy":"50","name":"Frontline house","phone_number":"(+91) 983 893 3937","address":"29, side layout, cohen 09","types":"shoe park,shop","website":"http:\/\/google.com","language":"French-IN"}"
10:22:30.198 [main] DEBUG org.apache.http.impl.conn.BasicClientConnectionManager -- Releasing connection org.apache.http.impl.conn.ManagedClientConnectionImpl@4f141a7
10:22:30.198 [main] DEBUG org.apache.http.impl.conn.BasicClientConnectionManager -- Connection can be kept alive for 5000 MILLISECONDS
  &amp#27;[32mAnd &amp#27;[0m&amp#27;[32mverify place_Id created maps to &amp#27;[0m&amp#27;[32m&amp#27;[1m"Frontline house"&amp#27;[0m&amp#27;[32m using &amp#27;[0m&amp#27;[32m&amp#27;[1m"getPlaceAPI"&amp#27;[0m              &amp#27;[90m# stepDefinitions.StepDefinition.verify_place_id_created_maps_to_using_get_place_api(java.lang.String,java.lang.String)&amp#27;[0m
]]></system-out>
  </testcase>
  <testcase name="Verify if Delete Place functionality is working" classname="Validating Place API&apos;s" time="2.026">
    <system-out><![CDATA[
@DeletePlace @Regression
Scenario: Verify if Delete Place functionality is working   &amp#27;[90m# src/test/java/features/placeValidations.feature:21&amp#27;[0m
  &amp#27;[32mGiven &amp#27;[0m&amp#27;[32mDeletePlace Payload&amp#27;[0m                                 &amp#27;[90m# stepDefinitions.StepDefinition.delete_place_payload()&amp#27;[0m
Enum_APIResources: maps/api/place/delete/json
10:22:30.401 [main] DEBUG org.apache.http.impl.conn.BasicClientConnectionManager -- Get connection for route {s}->https://rahulshettyacademy.com:443
10:22:30.401 [main] DEBUG org.apache.http.impl.conn.DefaultClientConnectionOperator -- Connecting to rahulshettyacademy.com:443
10:22:30.445 [main] DEBUG org.apache.http.client.protocol.RequestAddCookies -- CookieSpec selected: ignoreCookies
10:22:30.445 [main] DEBUG org.apache.http.client.protocol.RequestAuthCache -- Auth cache not set in the context
10:22:30.447 [main] DEBUG org.apache.http.client.protocol.RequestTargetAuthentication -- Target auth state: UNCHALLENGED
10:22:30.447 [main] DEBUG org.apache.http.client.protocol.RequestProxyAuthentication -- Proxy auth state: UNCHALLENGED
10:22:30.447 [main] DEBUG org.apache.http.impl.client.DefaultHttpClient -- Attempt 1 to execute request
10:22:30.447 [main] DEBUG org.apache.http.impl.conn.DefaultClientConnection -- Sending request: POST /maps/api/place/delete/json?key=qaclick123 HTTP/1.1
10:22:30.447 [main] DEBUG org.apache.http.wire --  >> "POST /maps/api/place/delete/json?key=qaclick123 HTTP/1.1[\r][\n]"
10:22:30.447 [main] DEBUG org.apache.http.wire --  >> "Accept: */*[\r][\n]"
10:22:30.447 [main] DEBUG org.apache.http.wire --  >> "Content-Type: application/json[\r][\n]"
10:22:30.447 [main] DEBUG org.apache.http.wire --  >> "Content-Length: 56[\r][\n]"
10:22:30.447 [main] DEBUG org.apache.http.wire --  >> "Host: rahulshettyacademy.com[\r][\n]"
10:22:30.447 [main] DEBUG org.apache.http.wire --  >> "Connection: Keep-Alive[\r][\n]"
10:22:30.447 [main] DEBUG org.apache.http.wire --  >> "User-Agent: Apache-HttpClient/4.5.13 (Java/21.0.3)[\r][\n]"
10:22:30.448 [main] DEBUG org.apache.http.wire --  >> "Accept-Encoding: gzip,deflate[\r][\n]"
10:22:30.448 [main] DEBUG org.apache.http.wire --  >> "[\r][\n]"
10:22:30.448 [main] DEBUG org.apache.http.headers -- >> POST /maps/api/place/delete/json?key=qaclick123 HTTP/1.1
10:22:30.448 [main] DEBUG org.apache.http.headers -- >> Accept: */*
10:22:30.448 [main] DEBUG org.apache.http.headers -- >> Content-Type: application/json
10:22:30.448 [main] DEBUG org.apache.http.headers -- >> Content-Length: 56
10:22:30.448 [main] DEBUG org.apache.http.headers -- >> Host: rahulshettyacademy.com
10:22:30.449 [main] DEBUG org.apache.http.headers -- >> Connection: Keep-Alive
10:22:30.449 [main] DEBUG org.apache.http.headers -- >> User-Agent: Apache-HttpClient/4.5.13 (Java/21.0.3)
10:22:30.449 [main] DEBUG org.apache.http.headers -- >> Accept-Encoding: gzip,deflate
10:22:30.449 [main] DEBUG org.apache.http.wire --  >> "{[\r][\n]"
10:22:30.449 [main] DEBUG org.apache.http.wire --  >> "     "place_id":"bf845537fc69d656b71d43374e7ac0e5"[\r][\n]"
10:22:30.449 [main] DEBUG org.apache.http.wire --  >> "}"
10:22:32.245 [main] DEBUG org.apache.http.wire --  << "HTTP/1.1 200 OK[\r][\n]"
10:22:32.246 [main] DEBUG org.apache.http.wire --  << "Date: Fri, 14 Mar 2025 04:52:31 GMT[\r][\n]"
10:22:32.246 [main] DEBUG org.apache.http.wire --  << "Server: Apache/2.4.52 (Ubuntu)[\r][\n]"
10:22:32.246 [main] DEBUG org.apache.http.wire --  << "Access-Control-Allow-Origin: *[\r][\n]"
10:22:32.247 [main] DEBUG org.apache.http.wire --  << "Access-Control-Allow-Methods: POST[\r][\n]"
10:22:32.247 [main] DEBUG org.apache.http.wire --  << "Access-Control-Max-Age: 3600[\r][\n]"
10:22:32.247 [main] DEBUG org.apache.http.wire --  << "Access-Control-Allow-Headers: Content-Type, Access-Control-Allow-Headers, Authorization, X-Requested-With[\r][\n]"
10:22:32.247 [main] DEBUG org.apache.http.wire --  << "Content-Length: 15[\r][\n]"
10:22:32.248 [main] DEBUG org.apache.http.wire --  << "Keep-Alive: timeout=5, max=100[\r][\n]"
10:22:32.248 [main] DEBUG org.apache.http.wire --  << "Connection: Keep-Alive[\r][\n]"
10:22:32.248 [main] DEBUG org.apache.http.wire --  << "Content-Type: application/json;charset=UTF-8[\r][\n]"
10:22:32.249 [main] DEBUG org.apache.http.wire --  << "[\r][\n]"
10:22:32.249 [main] DEBUG org.apache.http.impl.conn.DefaultClientConnection -- Receiving response: HTTP/1.1 200 OK
10:22:32.249 [main] DEBUG org.apache.http.headers -- << HTTP/1.1 200 OK
10:22:32.249 [main] DEBUG org.apache.http.headers -- << Date: Fri, 14 Mar 2025 04:52:31 GMT
10:22:32.250 [main] DEBUG org.apache.http.headers -- << Server: Apache/2.4.52 (Ubuntu)
10:22:32.250 [main] DEBUG org.apache.http.headers -- << Access-Control-Allow-Origin: *
10:22:32.250 [main] DEBUG org.apache.http.headers -- << Access-Control-Allow-Methods: POST
10:22:32.250 [main] DEBUG org.apache.http.headers -- << Access-Control-Max-Age: 3600
10:22:32.251 [main] DEBUG org.apache.http.headers -- << Access-Control-Allow-Headers: Content-Type, Access-Control-Allow-Headers, Authorization, X-Requested-With
10:22:32.251 [main] DEBUG org.apache.http.headers -- << Content-Length: 15
10:22:32.251 [main] DEBUG org.apache.http.headers -- << Keep-Alive: timeout=5, max=100
10:22:32.251 [main] DEBUG org.apache.http.headers -- << Connection: Keep-Alive
10:22:32.251 [main] DEBUG org.apache.http.headers -- << Content-Type: application/json;charset=UTF-8
10:22:32.253 [main] DEBUG org.apache.http.impl.client.DefaultHttpClient -- Connection can be kept alive for 5000 MILLISECONDS
10:22:32.253 [main] DEBUG io.restassured.internal.RestAssuredHttpBuilder -- Parsing response as: application/json;charset=UTF-8
10:22:32.253 [main] DEBUG io.restassured.internal.RestAssuredHttpBuilder -- Parsed data to instance of: class org.apache.http.conn.EofSensorInputStream
10:22:32.256 [main] DEBUG org.apache.http.wire --  << "{"status":"OK"}"
10:22:32.257 [main] DEBUG org.apache.http.impl.conn.BasicClientConnectionManager -- Releasing connection org.apache.http.impl.conn.ManagedClientConnectionImpl@3453014b
10:22:32.257 [main] DEBUG org.apache.http.impl.conn.BasicClientConnectionManager -- Connection can be kept alive for 5000 MILLISECONDS
  &amp#27;[32mWhen &amp#27;[0m&amp#27;[32muser calls &amp#27;[0m&amp#27;[32m&amp#27;[1m"deletePlaceAPI"&amp#27;[0m&amp#27;[32m with &amp#27;[0m&amp#27;[32m&amp#27;[1m"Post"&amp#27;[0m&amp#27;[32m http request&amp#27;[0m &amp#27;[90m# stepDefinitions.StepDefinition.user_calls_with_http_request(java.lang.String,java.lang.String)&amp#27;[0m
  &amp#27;[32mThen &amp#27;[0m&amp#27;[32mthe API call got success with status code &amp#27;[0m&amp#27;[32m&amp#27;[1m200&amp#27;[0m        &amp#27;[90m# stepDefinitions.StepDefinition.the_api_call_got_success_with_status_code(java.lang.Integer)&amp#27;[0m
  &amp#27;[32mAnd &amp#27;[0m&amp#27;[32m&amp#27;[0m&amp#27;[32m&amp#27;[1m"status"&amp#27;[0m&amp#27;[32m in response body is &amp#27;[0m&amp#27;[32m&amp#27;[1m"OK"&amp#27;[0m                     &amp#27;[90m# stepDefinitions.StepDefinition.in_response_body_is(java.lang.String,java.lang.String)&amp#27;[0m
]]></system-out>
  </testcase>
</testsuite>